<?xml version="1.0" encoding="UTF-8"?>
<testng-results ignored="0" total="0" passed="0" failed="0" skipped="0">
  <reporter-output>
  </reporter-output>
  <suite started-at="2024-08-09T13:37:25 PKT" name="Surefire suite" finished-at="2024-08-09T13:37:36 PKT" duration-ms="10208">
    <groups>
    </groups>
    <test started-at="2024-08-09T13:37:25 PKT" name="Surefire test" finished-at="2024-08-09T13:37:36 PKT" duration-ms="10208">
    </test> <!-- Surefire test -->
  </suite> <!-- Surefire suite -->
</testng-results>
